<?xml version="1.0" encoding="UTF-8"?>
<!-- Generated by org.testng.reporters.JUnitXMLReporter -->
<testsuite ignored="0" hostname="LAPTOP-6883ILH2" failures="0" tests="19" name="Command line test" time="431.867" errors="0" timestamp="2021-09-18T16:07:47 IST">
  <testcase classname="com.crm.qa.testcases.CallsPageTest" name="verifyCallsPageLabelTest" time="0.194"/>
  <testcase classname="com.crm.qa.testcases.CasesPageTest" name="verifyCasesPageLabelTest" time="0.069"/>
  <testcase classname="com.crm.qa.testcases.ContactsPageTest" name="verifyContactsPageLabelTest" time="0.071"/>
  <testcase classname="com.crm.qa.testcases.ContactsPageTest" name="selectSingleContactsTest" time="0.138"/>
  <testcase classname="com.crm.qa.testcases.ContactsPageTest" name="selectMultipleContactsTest" time="0.288"/>
  <testcase classname="com.crm.qa.testcases.ContactsPageTest" name="validateCreateNewContact" time="7.285"/>
  <testcase classname="com.crm.qa.testcases.ContactsPageTest" name="validateCreateNewContact" time="7.511"/>
  <testcase classname="com.crm.qa.testcases.ContactsPageTest" name="validateCreateNewContact" time="9.37"/>
  <testcase classname="com.crm.qa.testcases.DealsPageTest" name="validateCreateNewDeal" time="6.847"/>
  <testcase classname="com.crm.qa.testcases.DealsPageTest" name="validateCreateNewDeal" time="6.537"/>
  <testcase classname="com.crm.qa.testcases.DealsPageTest" name="validateCreateNewDeal" time="6.448"/>
  <testcase classname="com.crm.qa.testcases.DealsPageTest" name="verifyDealsPageLabelTest" time="0.056"/>
  <testcase classname="com.crm.qa.testcases.HomePageTest" name="verifyHomePageTitleTest" time="0.015"/>
  <testcase classname="com.crm.qa.testcases.HomePageTest" name="verifyUserNameTest" time="0.15"/>
  <testcase classname="com.crm.qa.testcases.HomePageTest" name="verifyContactsLinkTest" time="2.693"/>
  <testcase classname="com.crm.qa.testcases.LoginPageTest" name="loginPageTitleTest" time="0.007"/>
  <testcase classname="com.crm.qa.testcases.LoginPageTest" name="crmLogoImageTest" time="0.081"/>
  <testcase classname="com.crm.qa.testcases.LoginPageTest" name="loginTest" time="7.03"/>
  <testcase classname="com.crm.qa.testcases.TasksPageTest" name="verifyTasksPageLabelTest" time="0.078"/>
</testsuite> <!-- Command line test -->
