<?xml version="1.0" encoding="UTF-8"?>
<testng-results ignored="0" total="19" passed="19" failed="0" skipped="0">
  <reporter-output>
  </reporter-output>
  <suite started-at="2021-09-18T16:00:35 IST" name="Command line suite" finished-at="2021-09-18T16:07:47 IST" duration-ms="431867">
    <groups>
    </groups>
    <test started-at="2021-09-18T16:00:35 IST" name="Command line test" finished-at="2021-09-18T16:07:47 IST" duration-ms="431867">
      <class name="com.crm.qa.testcases.CallsPageTest">
        <test-method is-config="true" signature="setUp()[pri:0, instance:com.crm.qa.testcases.CallsPageTest@51399530]" started-at="2021-09-18T16:00:35 IST" name="setUp" finished-at="2021-09-18T16:01:10 IST" duration-ms="34597" status="PASS">
          <reporter-output>
          </reporter-output>
        </test-method> <!-- setUp -->
        <test-method signature="verifyCallsPageLabelTest()[pri:0, instance:com.crm.qa.testcases.CallsPageTest@51399530]" started-at="2021-09-18T16:01:10 IST" name="verifyCallsPageLabelTest" finished-at="2021-09-18T16:01:10 IST" duration-ms="194" status="PASS">
          <reporter-output>
          </reporter-output>
        </test-method> <!-- verifyCallsPageLabelTest -->
        <test-method is-config="true" signature="tearDown()[pri:0, instance:com.crm.qa.testcases.CallsPageTest@51399530]" started-at="2021-09-18T16:01:10 IST" name="tearDown" finished-at="2021-09-18T16:01:11 IST" duration-ms="966" status="PASS">
          <reporter-output>
          </reporter-output>
        </test-method> <!-- tearDown -->
      </class> <!-- com.crm.qa.testcases.CallsPageTest -->
      <class name="com.crm.qa.testcases.HomePageTest">
        <test-method is-config="true" signature="setUp()[pri:0, instance:com.crm.qa.testcases.HomePageTest@179ece50]" started-at="2021-09-18T16:05:53 IST" name="setUp" finished-at="2021-09-18T16:06:11 IST" duration-ms="18256" status="PASS">
          <reporter-output>
          </reporter-output>
        </test-method> <!-- setUp -->
        <test-method signature="verifyHomePageTitleTest()[pri:1, instance:com.crm.qa.testcases.HomePageTest@179ece50]" started-at="2021-09-18T16:06:11 IST" name="verifyHomePageTitleTest" finished-at="2021-09-18T16:06:11 IST" duration-ms="15" status="PASS">
          <reporter-output>
          </reporter-output>
        </test-method> <!-- verifyHomePageTitleTest -->
        <test-method is-config="true" signature="tearDown()[pri:0, instance:com.crm.qa.testcases.HomePageTest@179ece50]" started-at="2021-09-18T16:06:11 IST" name="tearDown" finished-at="2021-09-18T16:06:12 IST" duration-ms="895" status="PASS">
          <reporter-output>
          </reporter-output>
        </test-method> <!-- tearDown -->
        <test-method is-config="true" signature="setUp()[pri:0, instance:com.crm.qa.testcases.HomePageTest@179ece50]" started-at="2021-09-18T16:06:12 IST" name="setUp" finished-at="2021-09-18T16:06:28 IST" duration-ms="16179" status="PASS">
          <reporter-output>
          </reporter-output>
        </test-method> <!-- setUp -->
        <test-method signature="verifyUserNameTest()[pri:2, instance:com.crm.qa.testcases.HomePageTest@179ece50]" started-at="2021-09-18T16:06:28 IST" name="verifyUserNameTest" finished-at="2021-09-18T16:06:28 IST" duration-ms="150" status="PASS">
          <reporter-output>
          </reporter-output>
        </test-method> <!-- verifyUserNameTest -->
        <test-method is-config="true" signature="tearDown()[pri:0, instance:com.crm.qa.testcases.HomePageTest@179ece50]" started-at="2021-09-18T16:06:28 IST" name="tearDown" finished-at="2021-09-18T16:06:29 IST" duration-ms="875" status="PASS">
          <reporter-output>
          </reporter-output>
        </test-method> <!-- tearDown -->
        <test-method is-config="true" signature="setUp()[pri:0, instance:com.crm.qa.testcases.HomePageTest@179ece50]" started-at="2021-09-18T16:06:29 IST" name="setUp" finished-at="2021-09-18T16:06:45 IST" duration-ms="16153" status="PASS">
          <reporter-output>
          </reporter-output>
        </test-method> <!-- setUp -->
        <test-method signature="verifyContactsLinkTest()[pri:3, instance:com.crm.qa.testcases.HomePageTest@179ece50]" started-at="2021-09-18T16:06:45 IST" name="verifyContactsLinkTest" finished-at="2021-09-18T16:06:48 IST" duration-ms="2693" status="PASS">
          <reporter-output>
          </reporter-output>
        </test-method> <!-- verifyContactsLinkTest -->
        <test-method is-config="true" signature="tearDown()[pri:0, instance:com.crm.qa.testcases.HomePageTest@179ece50]" started-at="2021-09-18T16:06:48 IST" name="tearDown" finished-at="2021-09-18T16:06:49 IST" duration-ms="1183" status="PASS">
          <reporter-output>
          </reporter-output>
        </test-method> <!-- tearDown -->
      </class> <!-- com.crm.qa.testcases.HomePageTest -->
      <class name="com.crm.qa.testcases.ContactsPageTest">
        <test-method is-config="true" signature="setUp()[pri:0, instance:com.crm.qa.testcases.ContactsPageTest@1e800aaa]" started-at="2021-09-18T16:01:34 IST" name="setUp" finished-at="2021-09-18T16:01:54 IST" duration-ms="19143" status="PASS">
          <reporter-output>
          </reporter-output>
        </test-method> <!-- setUp -->
        <test-method signature="verifyContactsPageLabelTest()[pri:1, instance:com.crm.qa.testcases.ContactsPageTest@1e800aaa]" started-at="2021-09-18T16:01:54 IST" name="verifyContactsPageLabelTest" finished-at="2021-09-18T16:01:54 IST" duration-ms="71" status="PASS">
          <reporter-output>
          </reporter-output>
        </test-method> <!-- verifyContactsPageLabelTest -->
        <test-method is-config="true" signature="tearDown()[pri:0, instance:com.crm.qa.testcases.ContactsPageTest@1e800aaa]" started-at="2021-09-18T16:01:54 IST" name="tearDown" finished-at="2021-09-18T16:01:55 IST" duration-ms="1913" status="PASS">
          <reporter-output>
          </reporter-output>
        </test-method> <!-- tearDown -->
        <test-method is-config="true" signature="setUp()[pri:0, instance:com.crm.qa.testcases.ContactsPageTest@1e800aaa]" started-at="2021-09-18T16:01:55 IST" name="setUp" finished-at="2021-09-18T16:02:15 IST" duration-ms="19590" status="PASS">
          <reporter-output>
          </reporter-output>
        </test-method> <!-- setUp -->
        <test-method signature="selectSingleContactsTest()[pri:2, instance:com.crm.qa.testcases.ContactsPageTest@1e800aaa]" started-at="2021-09-18T16:02:15 IST" name="selectSingleContactsTest" finished-at="2021-09-18T16:02:15 IST" duration-ms="138" status="PASS">
          <reporter-output>
          </reporter-output>
        </test-method> <!-- selectSingleContactsTest -->
        <test-method is-config="true" signature="tearDown()[pri:0, instance:com.crm.qa.testcases.ContactsPageTest@1e800aaa]" started-at="2021-09-18T16:02:15 IST" name="tearDown" finished-at="2021-09-18T16:02:16 IST" duration-ms="942" status="PASS">
          <reporter-output>
          </reporter-output>
        </test-method> <!-- tearDown -->
        <test-method is-config="true" signature="setUp()[pri:0, instance:com.crm.qa.testcases.ContactsPageTest@1e800aaa]" started-at="2021-09-18T16:02:16 IST" name="setUp" finished-at="2021-09-18T16:02:34 IST" duration-ms="17332" status="PASS">
          <reporter-output>
          </reporter-output>
        </test-method> <!-- setUp -->
        <test-method signature="selectMultipleContactsTest()[pri:3, instance:com.crm.qa.testcases.ContactsPageTest@1e800aaa]" started-at="2021-09-18T16:02:34 IST" name="selectMultipleContactsTest" finished-at="2021-09-18T16:02:34 IST" duration-ms="288" status="PASS">
          <reporter-output>
          </reporter-output>
        </test-method> <!-- selectMultipleContactsTest -->
        <test-method is-config="true" signature="tearDown()[pri:0, instance:com.crm.qa.testcases.ContactsPageTest@1e800aaa]" started-at="2021-09-18T16:02:34 IST" name="tearDown" finished-at="2021-09-18T16:02:35 IST" duration-ms="910" status="PASS">
          <reporter-output>
          </reporter-output>
        </test-method> <!-- tearDown -->
        <test-method is-config="true" signature="setUp()[pri:0, instance:com.crm.qa.testcases.ContactsPageTest@1e800aaa]" started-at="2021-09-18T16:02:40 IST" name="setUp" finished-at="2021-09-18T16:02:58 IST" duration-ms="18160" status="PASS">
          <reporter-output>
          </reporter-output>
        </test-method> <!-- setUp -->
        <test-method signature="validateCreateNewContact(java.lang.String,java.lang.String,java.lang.String,java.lang.String,java.lang.String)[pri:4, instance:com.crm.qa.testcases.ContactsPageTest@1e800aaa]" started-at="2021-09-18T16:02:58 IST" name="validateCreateNewContact" data-provider="getCRMTestData" finished-at="2021-09-18T16:03:06 IST" duration-ms="7285" status="PASS">
          <params>
            <param index="0">
              <value>
                <![CDATA[Mr.]]>
              </value>
            </param>
            <param index="1">
              <value>
                <![CDATA[Lakhu]]>
              </value>
            </param>
            <param index="2">
              <value>
                <![CDATA[Singh]]>
              </value>
            </param>
            <param index="3">
              <value>
                <![CDATA[9.503000012E9]]>
              </value>
            </param>
            <param index="4">
              <value>
                <![CDATA[lakhusingh@gmail.com]]>
              </value>
            </param>
          </params>
          <reporter-output>
          </reporter-output>
        </test-method> <!-- validateCreateNewContact -->
        <test-method is-config="true" signature="tearDown()[pri:0, instance:com.crm.qa.testcases.ContactsPageTest@1e800aaa]" started-at="2021-09-18T16:03:06 IST" name="tearDown" finished-at="2021-09-18T16:03:07 IST" duration-ms="1462" status="PASS">
          <reporter-output>
          </reporter-output>
        </test-method> <!-- tearDown -->
        <test-method is-config="true" signature="setUp()[pri:0, instance:com.crm.qa.testcases.ContactsPageTest@1e800aaa]" started-at="2021-09-18T16:03:07 IST" name="setUp" finished-at="2021-09-18T16:03:25 IST" duration-ms="17392" status="PASS">
          <reporter-output>
          </reporter-output>
        </test-method> <!-- setUp -->
        <test-method signature="validateCreateNewContact(java.lang.String,java.lang.String,java.lang.String,java.lang.String,java.lang.String)[pri:4, instance:com.crm.qa.testcases.ContactsPageTest@1e800aaa]" started-at="2021-09-18T16:03:25 IST" name="validateCreateNewContact" data-provider="getCRMTestData" finished-at="2021-09-18T16:03:32 IST" duration-ms="7511" status="PASS">
          <params>
            <param index="0">
              <value>
                <![CDATA[Dr.]]>
              </value>
            </param>
            <param index="1">
              <value>
                <![CDATA[David]]>
              </value>
            </param>
            <param index="2">
              <value>
                <![CDATA[Cris]]>
              </value>
            </param>
            <param index="3">
              <value>
                <![CDATA[9.503000013E9]]>
              </value>
            </param>
            <param index="4">
              <value>
                <![CDATA[davidcris@hotmail.com]]>
              </value>
            </param>
          </params>
          <reporter-output>
          </reporter-output>
        </test-method> <!-- validateCreateNewContact -->
        <test-method is-config="true" signature="tearDown()[pri:0, instance:com.crm.qa.testcases.ContactsPageTest@1e800aaa]" started-at="2021-09-18T16:03:32 IST" name="tearDown" finished-at="2021-09-18T16:03:33 IST" duration-ms="1140" status="PASS">
          <reporter-output>
          </reporter-output>
        </test-method> <!-- tearDown -->
        <test-method is-config="true" signature="setUp()[pri:0, instance:com.crm.qa.testcases.ContactsPageTest@1e800aaa]" started-at="2021-09-18T16:03:33 IST" name="setUp" finished-at="2021-09-18T16:03:53 IST" duration-ms="19331" status="PASS">
          <reporter-output>
          </reporter-output>
        </test-method> <!-- setUp -->
        <test-method signature="validateCreateNewContact(java.lang.String,java.lang.String,java.lang.String,java.lang.String,java.lang.String)[pri:4, instance:com.crm.qa.testcases.ContactsPageTest@1e800aaa]" started-at="2021-09-18T16:03:53 IST" name="validateCreateNewContact" data-provider="getCRMTestData" finished-at="2021-09-18T16:04:02 IST" duration-ms="9370" status="PASS">
          <params>
            <param index="0">
              <value>
                <![CDATA[Mrs.]]>
              </value>
            </param>
            <param index="1">
              <value>
                <![CDATA[Geeta]]>
              </value>
            </param>
            <param index="2">
              <value>
                <![CDATA[Kumari]]>
              </value>
            </param>
            <param index="3">
              <value>
                <![CDATA[9.890098955E9]]>
              </value>
            </param>
            <param index="4">
              <value>
                <![CDATA[geetakumari@rediffmail.com]]>
              </value>
            </param>
          </params>
          <reporter-output>
          </reporter-output>
        </test-method> <!-- validateCreateNewContact -->
        <test-method is-config="true" signature="tearDown()[pri:0, instance:com.crm.qa.testcases.ContactsPageTest@1e800aaa]" started-at="2021-09-18T16:04:02 IST" name="tearDown" finished-at="2021-09-18T16:04:03 IST" duration-ms="1173" status="PASS">
          <reporter-output>
          </reporter-output>
        </test-method> <!-- tearDown -->
      </class> <!-- com.crm.qa.testcases.ContactsPageTest -->
      <class name="com.crm.qa.testcases.TasksPageTest">
        <test-method is-config="true" signature="setUp()[pri:0, instance:com.crm.qa.testcases.TasksPageTest@3cd3e762]" started-at="2021-09-18T16:07:26 IST" name="setUp" finished-at="2021-09-18T16:07:46 IST" duration-ms="20325" status="PASS">
          <reporter-output>
          </reporter-output>
        </test-method> <!-- setUp -->
        <test-method signature="verifyTasksPageLabelTest()[pri:0, instance:com.crm.qa.testcases.TasksPageTest@3cd3e762]" started-at="2021-09-18T16:07:46 IST" name="verifyTasksPageLabelTest" finished-at="2021-09-18T16:07:46 IST" duration-ms="78" status="PASS">
          <reporter-output>
          </reporter-output>
        </test-method> <!-- verifyTasksPageLabelTest -->
        <test-method is-config="true" signature="tearDown()[pri:0, instance:com.crm.qa.testcases.TasksPageTest@3cd3e762]" started-at="2021-09-18T16:07:46 IST" name="tearDown" finished-at="2021-09-18T16:07:47 IST" duration-ms="993" status="PASS">
          <reporter-output>
          </reporter-output>
        </test-method> <!-- tearDown -->
      </class> <!-- com.crm.qa.testcases.TasksPageTest -->
      <class name="com.crm.qa.testcases.LoginPageTest">
        <test-method is-config="true" signature="setUp()[pri:0, instance:com.crm.qa.testcases.LoginPageTest@3b0090a4]" started-at="2021-09-18T16:06:49 IST" name="setUp" finished-at="2021-09-18T16:06:58 IST" duration-ms="8940" status="PASS">
          <reporter-output>
          </reporter-output>
        </test-method> <!-- setUp -->
        <test-method signature="loginPageTitleTest()[pri:1, instance:com.crm.qa.testcases.LoginPageTest@3b0090a4]" started-at="2021-09-18T16:06:58 IST" name="loginPageTitleTest" finished-at="2021-09-18T16:06:58 IST" duration-ms="7" status="PASS">
          <reporter-output>
          </reporter-output>
        </test-method> <!-- loginPageTitleTest -->
        <test-method is-config="true" signature="tearDown()[pri:0, instance:com.crm.qa.testcases.LoginPageTest@3b0090a4]" started-at="2021-09-18T16:06:58 IST" name="tearDown" finished-at="2021-09-18T16:06:59 IST" duration-ms="887" status="PASS">
          <reporter-output>
          </reporter-output>
        </test-method> <!-- tearDown -->
        <test-method is-config="true" signature="setUp()[pri:0, instance:com.crm.qa.testcases.LoginPageTest@3b0090a4]" started-at="2021-09-18T16:06:59 IST" name="setUp" finished-at="2021-09-18T16:07:08 IST" duration-ms="9088" status="PASS">
          <reporter-output>
          </reporter-output>
        </test-method> <!-- setUp -->
        <test-method signature="crmLogoImageTest()[pri:2, instance:com.crm.qa.testcases.LoginPageTest@3b0090a4]" started-at="2021-09-18T16:07:08 IST" name="crmLogoImageTest" finished-at="2021-09-18T16:07:08 IST" duration-ms="81" status="PASS">
          <reporter-output>
          </reporter-output>
        </test-method> <!-- crmLogoImageTest -->
        <test-method is-config="true" signature="tearDown()[pri:0, instance:com.crm.qa.testcases.LoginPageTest@3b0090a4]" started-at="2021-09-18T16:07:08 IST" name="tearDown" finished-at="2021-09-18T16:07:09 IST" duration-ms="890" status="PASS">
          <reporter-output>
          </reporter-output>
        </test-method> <!-- tearDown -->
        <test-method is-config="true" signature="setUp()[pri:0, instance:com.crm.qa.testcases.LoginPageTest@3b0090a4]" started-at="2021-09-18T16:07:09 IST" name="setUp" finished-at="2021-09-18T16:07:18 IST" duration-ms="8359" status="PASS">
          <reporter-output>
          </reporter-output>
        </test-method> <!-- setUp -->
        <test-method signature="loginTest()[pri:3, instance:com.crm.qa.testcases.LoginPageTest@3b0090a4]" started-at="2021-09-18T16:07:18 IST" name="loginTest" finished-at="2021-09-18T16:07:25 IST" duration-ms="7030" status="PASS">
          <reporter-output>
          </reporter-output>
        </test-method> <!-- loginTest -->
        <test-method is-config="true" signature="tearDown()[pri:0, instance:com.crm.qa.testcases.LoginPageTest@3b0090a4]" started-at="2021-09-18T16:07:25 IST" name="tearDown" finished-at="2021-09-18T16:07:26 IST" duration-ms="913" status="PASS">
          <reporter-output>
          </reporter-output>
        </test-method> <!-- tearDown -->
      </class> <!-- com.crm.qa.testcases.LoginPageTest -->
      <class name="com.crm.qa.testcases.DealsPageTest">
        <test-method is-config="true" signature="setUp()[pri:0, instance:com.crm.qa.testcases.DealsPageTest@9d5509a]" started-at="2021-09-18T16:04:03 IST" name="setUp" finished-at="2021-09-18T16:04:23 IST" duration-ms="19600" status="PASS">
          <reporter-output>
          </reporter-output>
        </test-method> <!-- setUp -->
        <test-method signature="validateCreateNewDeal(java.lang.String,java.lang.String,java.lang.String)[pri:0, instance:com.crm.qa.testcases.DealsPageTest@9d5509a]" started-at="2021-09-18T16:04:23 IST" name="validateCreateNewDeal" data-provider="getCRMTestData" finished-at="2021-09-18T16:04:30 IST" duration-ms="6847" status="PASS">
          <params>
            <param index="0">
              <value>
                <![CDATA[Mouse]]>
              </value>
            </param>
            <param index="1">
              <value>
                <![CDATA[Lapcare]]>
              </value>
            </param>
            <param index="2">
              <value>
                <![CDATA[250.0]]>
              </value>
            </param>
          </params>
          <reporter-output>
          </reporter-output>
        </test-method> <!-- validateCreateNewDeal -->
        <test-method is-config="true" signature="tearDown()[pri:0, instance:com.crm.qa.testcases.DealsPageTest@9d5509a]" started-at="2021-09-18T16:04:30 IST" name="tearDown" finished-at="2021-09-18T16:04:31 IST" duration-ms="1029" status="PASS">
          <reporter-output>
          </reporter-output>
        </test-method> <!-- tearDown -->
        <test-method is-config="true" signature="setUp()[pri:0, instance:com.crm.qa.testcases.DealsPageTest@9d5509a]" started-at="2021-09-18T16:04:31 IST" name="setUp" finished-at="2021-09-18T16:04:49 IST" duration-ms="18447" status="PASS">
          <reporter-output>
          </reporter-output>
        </test-method> <!-- setUp -->
        <test-method signature="validateCreateNewDeal(java.lang.String,java.lang.String,java.lang.String)[pri:0, instance:com.crm.qa.testcases.DealsPageTest@9d5509a]" started-at="2021-09-18T16:04:49 IST" name="validateCreateNewDeal" data-provider="getCRMTestData" finished-at="2021-09-18T16:04:56 IST" duration-ms="6537" status="PASS">
          <params>
            <param index="0">
              <value>
                <![CDATA[Pendrive]]>
              </value>
            </param>
            <param index="1">
              <value>
                <![CDATA[Sandisk]]>
              </value>
            </param>
            <param index="2">
              <value>
                <![CDATA[1000.0]]>
              </value>
            </param>
          </params>
          <reporter-output>
          </reporter-output>
        </test-method> <!-- validateCreateNewDeal -->
        <test-method is-config="true" signature="tearDown()[pri:0, instance:com.crm.qa.testcases.DealsPageTest@9d5509a]" started-at="2021-09-18T16:04:56 IST" name="tearDown" finished-at="2021-09-18T16:04:57 IST" duration-ms="1162" status="PASS">
          <reporter-output>
          </reporter-output>
        </test-method> <!-- tearDown -->
        <test-method is-config="true" signature="setUp()[pri:0, instance:com.crm.qa.testcases.DealsPageTest@9d5509a]" started-at="2021-09-18T16:04:57 IST" name="setUp" finished-at="2021-09-18T16:05:17 IST" duration-ms="20526" status="PASS">
          <reporter-output>
          </reporter-output>
        </test-method> <!-- setUp -->
        <test-method signature="validateCreateNewDeal(java.lang.String,java.lang.String,java.lang.String)[pri:0, instance:com.crm.qa.testcases.DealsPageTest@9d5509a]" started-at="2021-09-18T16:05:17 IST" name="validateCreateNewDeal" data-provider="getCRMTestData" finished-at="2021-09-18T16:05:24 IST" duration-ms="6448" status="PASS">
          <params>
            <param index="0">
              <value>
                <![CDATA[HDD]]>
              </value>
            </param>
            <param index="1">
              <value>
                <![CDATA[WD]]>
              </value>
            </param>
            <param index="2">
              <value>
                <![CDATA[500.0]]>
              </value>
            </param>
          </params>
          <reporter-output>
          </reporter-output>
        </test-method> <!-- validateCreateNewDeal -->
        <test-method is-config="true" signature="tearDown()[pri:0, instance:com.crm.qa.testcases.DealsPageTest@9d5509a]" started-at="2021-09-18T16:05:24 IST" name="tearDown" finished-at="2021-09-18T16:05:25 IST" duration-ms="1253" status="PASS">
          <reporter-output>
          </reporter-output>
        </test-method> <!-- tearDown -->
        <test-method is-config="true" signature="setUp()[pri:0, instance:com.crm.qa.testcases.DealsPageTest@9d5509a]" started-at="2021-09-18T16:05:25 IST" name="setUp" finished-at="2021-09-18T16:05:51 IST" duration-ms="26438" status="PASS">
          <reporter-output>
          </reporter-output>
        </test-method> <!-- setUp -->
        <test-method signature="verifyDealsPageLabelTest()[pri:0, instance:com.crm.qa.testcases.DealsPageTest@9d5509a]" started-at="2021-09-18T16:05:51 IST" name="verifyDealsPageLabelTest" finished-at="2021-09-18T16:05:52 IST" duration-ms="56" status="PASS">
          <reporter-output>
          </reporter-output>
        </test-method> <!-- verifyDealsPageLabelTest -->
        <test-method is-config="true" signature="tearDown()[pri:0, instance:com.crm.qa.testcases.DealsPageTest@9d5509a]" started-at="2021-09-18T16:05:52 IST" name="tearDown" finished-at="2021-09-18T16:05:53 IST" duration-ms="1389" status="PASS">
          <reporter-output>
          </reporter-output>
        </test-method> <!-- tearDown -->
      </class> <!-- com.crm.qa.testcases.DealsPageTest -->
      <class name="com.crm.qa.testcases.CasesPageTest">
        <test-method is-config="true" signature="setUp()[pri:0, instance:com.crm.qa.testcases.CasesPageTest@5bda8e08]" started-at="2021-09-18T16:01:11 IST" name="setUp" finished-at="2021-09-18T16:01:33 IST" duration-ms="22334" status="PASS">
          <reporter-output>
          </reporter-output>
        </test-method> <!-- setUp -->
        <test-method signature="verifyCasesPageLabelTest()[pri:0, instance:com.crm.qa.testcases.CasesPageTest@5bda8e08]" started-at="2021-09-18T16:01:33 IST" name="verifyCasesPageLabelTest" finished-at="2021-09-18T16:01:33 IST" duration-ms="69" status="PASS">
          <reporter-output>
          </reporter-output>
        </test-method> <!-- verifyCasesPageLabelTest -->
        <test-method is-config="true" signature="tearDown()[pri:0, instance:com.crm.qa.testcases.CasesPageTest@5bda8e08]" started-at="2021-09-18T16:01:33 IST" name="tearDown" finished-at="2021-09-18T16:01:34 IST" duration-ms="976" status="PASS">
          <reporter-output>
          </reporter-output>
        </test-method> <!-- tearDown -->
      </class> <!-- com.crm.qa.testcases.CasesPageTest -->
    </test> <!-- Command line test -->
  </suite> <!-- Command line suite -->
</testng-results>
