<?xml version="1.0" encoding="UTF-8" ?>
<testsuite tests="19" failures="0" name="TestSuite" time="54.874" errors="0" skipped="0">
  <properties>
[...]
</properties>
  <testcase classname="com.crm.qa.testcases.CallsPageTest" name="verifyCallsPageLabelTest" time="0.197"/>
  <testcase classname="com.crm.qa.testcases.CasesPageTest" name="verifyCasesPageLabelTest" time="0.068"/>
  <testcase classname="com.crm.qa.testcases.ContactsPageTest" name="verifyContactsPageLabelTest" time="0.071"/>
  <testcase classname="com.crm.qa.testcases.ContactsPageTest" name="selectSingleContactsTest" time="0.14"/>
  <testcase classname="com.crm.qa.testcases.ContactsPageTest" name="selectMultipleContactsTest" time="0.288"/>
  <testcase classname="com.crm.qa.testcases.ContactsPageTest" name="validateCreateNewContact" time="7.287"/>
  <testcase classname="com.crm.qa.testcases.ContactsPageTest" name="validateCreateNewContact" time="7.511"/>
  <testcase classname="com.crm.qa.testcases.ContactsPageTest" name="validateCreateNewContact" time="9.37"/>
  <testcase classname="com.crm.qa.testcases.DealsPageTest" name="validateCreateNewDeal" time="6.847"/>
  <testcase classname="com.crm.qa.testcases.DealsPageTest" name="validateCreateNewDeal" time="6.541"/>
  <testcase classname="com.crm.qa.testcases.DealsPageTest" name="validateCreateNewDeal" time="6.449"/>
  <testcase classname="com.crm.qa.testcases.DealsPageTest" name="verifyDealsPageLabelTest" time="0.056"/>
  <testcase classname="com.crm.qa.testcases.HomePageTest" name="verifyHomePageTitleTest" time="0.015"/>
  <testcase classname="com.crm.qa.testcases.HomePageTest" name="verifyUserNameTest" time="0.148"/>
  <testcase classname="com.crm.qa.testcases.HomePageTest" name="verifyContactsLinkTest" time="2.693"/>
  <testcase classname="com.crm.qa.testcases.LoginPageTest" name="loginPageTitleTest" time="0.007"/>
  <testcase classname="com.crm.qa.testcases.LoginPageTest" name="crmLogoImageTest" time="0.079"/>
  <testcase classname="com.crm.qa.testcases.LoginPageTest" name="loginTest" time="7.028"/>
  <testcase classname="com.crm.qa.testcases.TasksPageTest" name="verifyTasksPageLabelTest" time="0.079"/>
</testsuite>