<?xml version="1.0" encoding="UTF-8"?>
<testng-results ignored="0" total="1" passed="1" failed="0" skipped="0">
  <reporter-output>
  </reporter-output>
  <suite started-at="2021-09-18T15:26:23 IST" name="Default suite" finished-at="2021-09-18T15:26:46 IST" duration-ms="23617">
    <groups>
    </groups>
    <test started-at="2021-09-18T15:26:23 IST" name="Default test" finished-at="2021-09-18T15:26:46 IST" duration-ms="23617">
      <class name="com.crm.qa.testcases.TasksPageTest">
        <test-method is-config="true" signature="setUp()[pri:0, instance:com.crm.qa.testcases.TasksPageTest@5562c41e]" started-at="2021-09-18T15:26:23 IST" name="setUp" finished-at="2021-09-18T15:26:45 IST" duration-ms="22397" status="PASS">
          <reporter-output>
          </reporter-output>
        </test-method> <!-- setUp -->
        <test-method signature="verifyTasksPageLabelTest()[pri:0, instance:com.crm.qa.testcases.TasksPageTest@5562c41e]" started-at="2021-09-18T15:26:45 IST" name="verifyTasksPageLabelTest" finished-at="2021-09-18T15:26:45 IST" duration-ms="94" status="PASS">
          <reporter-output>
          </reporter-output>
        </test-method> <!-- verifyTasksPageLabelTest -->
        <test-method is-config="true" signature="tearDown()[pri:0, instance:com.crm.qa.testcases.TasksPageTest@5562c41e]" started-at="2021-09-18T15:26:45 IST" name="tearDown" finished-at="2021-09-18T15:26:46 IST" duration-ms="1045" status="PASS">
          <reporter-output>
          </reporter-output>
        </test-method> <!-- tearDown -->
      </class> <!-- com.crm.qa.testcases.TasksPageTest -->
    </test> <!-- Default test -->
  </suite> <!-- Default suite -->
</testng-results>
